Vivado Simulator 2019.2
Copyright 1986-1999, 2001-2019 Xilinx, Inc. All Rights Reserved.
Running: C:/Xilinx/Vivado/2019.2/bin/unwrapped/win64.o/xelab.exe -wto 6f3b5376ba214183a7e441c28c969c48 --incr --debug typical --relax --mt 2 -L xil_defaultlib -L unisims_ver -L secureip --snapshot competition_source_tb_func_impl xil_defaultlib.competition_source_tb xil_defaultlib.glbl -log elaborate.log 
Using 2 slave threads.
Starting static elaboration
Pass Through NonSizing Optimizer
Completed static elaboration
Starting simulation data flow analysis
Completed simulation data flow analysis
Time Resolution for simulation is 1ps
Compiling module unisims_ver.BUFG
Compiling module unisims_ver.IBUF
Compiling module unisims_ver.x_lut1_mux2
Compiling module unisims_ver.LUT1
Compiling module unisims_ver.FDRE_default
Compiling module unisims_ver.CARRY4
Compiling module unisims_ver.x_lut3_mux8
Compiling module unisims_ver.LUT3
Compiling module xil_defaultlib.Two4DigitDisplay
Compiling module unisims_ver.OBUF
Compiling module xil_defaultlib.REG_EX_MEM_C
Compiling module xil_defaultlib.EX_STAGE_C
Compiling module unisims_ver.FDRE(IS_C_INVERTED=1'b1)
Compiling module unisims_ver.LUT4
Compiling module unisims_ver.LUT6
Compiling module unisims_ver.MUXF7
Compiling module xil_defaultlib.RegFile_C
Compiling module unisims_ver.x_lut2_mux4
Compiling module unisims_ver.LUT2
Compiling module xil_defaultlib.REG_ID_EX_C
Compiling module xil_defaultlib.ID_STAGE_C
Compiling module xil_defaultlib.Adder_32Bit_C
Compiling module unisims_ver.FDCE_default
Compiling module xil_defaultlib.ProgramCounter_C
Compiling module unisims_ver.LUT5
Compiling module xil_defaultlib.REG_IF_ID_C
Compiling module xil_defaultlib.IF_STAGE_C
Compiling module xil_defaultlib.IF_ID_COMBO_C
Compiling module xil_defaultlib.IF_ID_EX_COMBO_C
Compiling module xil_defaultlib.REG_MEM_SAD1_C
Compiling module xil_defaultlib.MEM_STAGE_C
Compiling module unisims_ver.SRL16E_default
Compiling module xil_defaultlib.REG_SAD1_SAD2_C
Compiling module xil_defaultlib.SAD1_STAGE_C
Compiling module xil_defaultlib.REG_SAD2_SAD3_C
Compiling module xil_defaultlib.SAD2_STAGE_C
Compiling module xil_defaultlib.REG_SAD3_WB_C
Compiling module xil_defaultlib.SAD3_STAGE_C
Compiling module xil_defaultlib.MEGA_SAD_COMBO
Compiling module xil_defaultlib.MEM_MEGASAD_COMBO
Compiling module xil_defaultlib.competition_source
Compiling module xil_defaultlib.competition_source_tb
Compiling module xil_defaultlib.glbl
Built simulation snapshot competition_source_tb_func_impl
