
*** Running vivado
    with args -log lab1source.vds -m64 -product Vivado -mode batch -messageDb vivado.pb -notrace -source lab1source.tcl


****** Vivado v2019.2 (64-bit)
  **** SW Build 2708876 on Wed Nov  6 21:40:23 MST 2019
  **** IP Build 2700528 on Thu Nov  7 00:09:20 MST 2019
    ** Copyright 1986-2019 Xilinx, Inc. All Rights Reserved.

source lab1source.tcl -notrace
Command: synth_design -top lab1source -part xc7a100tcsg324-1
Starting synth_design
Attempting to get a license for feature 'Synthesis' and/or device 'xc7a100t'
INFO: [Common 17-349] Got license for feature 'Synthesis' and/or device 'xc7a100t'
INFO: [Device 21-403] Loading part xc7a100tcsg324-1
INFO: Launching helper process for spawning children vivado processes
INFO: Helper process launched with PID 4640 
---------------------------------------------------------------------------------
Starting RTL Elaboration : Time (s): cpu = 00:00:06 ; elapsed = 00:00:06 . Memory (MB): peak = 786.105 ; gain = 234.758
---------------------------------------------------------------------------------
INFO: [Synth 8-6157] synthesizing module 'lab1source' [C:/Users/nbut9/VivadoFiles/Lab1_BertButEt/Lab1_BertButEt.srcs/sources_1/new/lab1source.v:23]
INFO: [Synth 8-6157] synthesizing module 'ClkDiv' [C:/Users/nbut9/Downloads/Resources/Resources/4-ClockDivider/ClkDiv.v:1]
	Parameter DivVal bound to: 50000000 - type: integer 
INFO: [Synth 8-4471] merging register 'ClkInt_reg' into 'ClkOut_reg' [C:/Users/nbut9/Downloads/Resources/Resources/4-ClockDivider/ClkDiv.v:14]
WARNING: [Synth 8-6014] Unused sequential element ClkInt_reg was removed.  [C:/Users/nbut9/Downloads/Resources/Resources/4-ClockDivider/ClkDiv.v:14]
INFO: [Synth 8-6155] done synthesizing module 'ClkDiv' (1#1) [C:/Users/nbut9/Downloads/Resources/Resources/4-ClockDivider/ClkDiv.v:1]
INFO: [Synth 8-6157] synthesizing module 'InstructionFetchUnit' [C:/Users/nbut9/Downloads/Resources/Resources/1-InstructionFetchUnit/InstructionFetchUnit.v:40]
INFO: [Synth 8-6157] synthesizing module 'ProgramCounter' [C:/Users/nbut9/Downloads/Resources/Resources/1-InstructionFetchUnit/ProgramCounter.v:27]
INFO: [Synth 8-6155] done synthesizing module 'ProgramCounter' (2#1) [C:/Users/nbut9/Downloads/Resources/Resources/1-InstructionFetchUnit/ProgramCounter.v:27]
INFO: [Synth 8-6157] synthesizing module 'PCAdder' [C:/Users/nbut9/Downloads/Resources/Resources/1-InstructionFetchUnit/PCAdder.v:22]
INFO: [Synth 8-6155] done synthesizing module 'PCAdder' (3#1) [C:/Users/nbut9/Downloads/Resources/Resources/1-InstructionFetchUnit/PCAdder.v:22]
INFO: [Synth 8-6157] synthesizing module 'InstructionMemory' [C:/Users/nbut9/Downloads/Resources/Resources/1-InstructionFetchUnit/InstructionMemory.v:39]
WARNING: [Synth 8-311] ignoring non-constant assignment in initial block [C:/Users/nbut9/Downloads/Resources/Resources/1-InstructionFetchUnit/InstructionMemory.v:54]
INFO: [Synth 8-6155] done synthesizing module 'InstructionMemory' (4#1) [C:/Users/nbut9/Downloads/Resources/Resources/1-InstructionFetchUnit/InstructionMemory.v:39]
INFO: [Synth 8-6155] done synthesizing module 'InstructionFetchUnit' (5#1) [C:/Users/nbut9/Downloads/Resources/Resources/1-InstructionFetchUnit/InstructionFetchUnit.v:40]
INFO: [Synth 8-6157] synthesizing module 'Two4DigitDisplay' [C:/Users/nbut9/Downloads/Resources/Resources/5-Two4DigitDisplay/Two4DigitDisplay.v:15]
	Parameter NUM_WIDTH bound to: 16 - type: integer 
INFO: [Synth 8-6157] synthesizing module 'SevenSegment' [C:/Users/nbut9/Downloads/Resources/Resources/5-Two4DigitDisplay/SevenSegment.v:2]
INFO: [Synth 8-226] default block is never used [C:/Users/nbut9/Downloads/Resources/Resources/5-Two4DigitDisplay/SevenSegment.v:8]
INFO: [Synth 8-6155] done synthesizing module 'SevenSegment' (6#1) [C:/Users/nbut9/Downloads/Resources/Resources/5-Two4DigitDisplay/SevenSegment.v:2]
INFO: [Synth 8-226] default block is never used [C:/Users/nbut9/Downloads/Resources/Resources/5-Two4DigitDisplay/Two4DigitDisplay.v:107]
WARNING: [Synth 8-567] referenced signal 'firstdigitA' should be on the sensitivity list [C:/Users/nbut9/Downloads/Resources/Resources/5-Two4DigitDisplay/Two4DigitDisplay.v:106]
WARNING: [Synth 8-567] referenced signal 'seconddigitA' should be on the sensitivity list [C:/Users/nbut9/Downloads/Resources/Resources/5-Two4DigitDisplay/Two4DigitDisplay.v:106]
WARNING: [Synth 8-567] referenced signal 'thirddigitA' should be on the sensitivity list [C:/Users/nbut9/Downloads/Resources/Resources/5-Two4DigitDisplay/Two4DigitDisplay.v:106]
WARNING: [Synth 8-567] referenced signal 'forthdigitA' should be on the sensitivity list [C:/Users/nbut9/Downloads/Resources/Resources/5-Two4DigitDisplay/Two4DigitDisplay.v:106]
WARNING: [Synth 8-567] referenced signal 'firstdigitB' should be on the sensitivity list [C:/Users/nbut9/Downloads/Resources/Resources/5-Two4DigitDisplay/Two4DigitDisplay.v:106]
WARNING: [Synth 8-567] referenced signal 'seconddigitB' should be on the sensitivity list [C:/Users/nbut9/Downloads/Resources/Resources/5-Two4DigitDisplay/Two4DigitDisplay.v:106]
WARNING: [Synth 8-567] referenced signal 'thirddigitB' should be on the sensitivity list [C:/Users/nbut9/Downloads/Resources/Resources/5-Two4DigitDisplay/Two4DigitDisplay.v:106]
WARNING: [Synth 8-567] referenced signal 'forthdigitB' should be on the sensitivity list [C:/Users/nbut9/Downloads/Resources/Resources/5-Two4DigitDisplay/Two4DigitDisplay.v:106]
INFO: [Synth 8-6155] done synthesizing module 'Two4DigitDisplay' (7#1) [C:/Users/nbut9/Downloads/Resources/Resources/5-Two4DigitDisplay/Two4DigitDisplay.v:15]
INFO: [Synth 8-6155] done synthesizing module 'lab1source' (8#1) [C:/Users/nbut9/VivadoFiles/Lab1_BertButEt/Lab1_BertButEt.srcs/sources_1/new/lab1source.v:23]
WARNING: [Synth 8-3331] design InstructionMemory has unconnected port Address[31]
WARNING: [Synth 8-3331] design InstructionMemory has unconnected port Address[30]
WARNING: [Synth 8-3331] design InstructionMemory has unconnected port Address[29]
WARNING: [Synth 8-3331] design InstructionMemory has unconnected port Address[28]
WARNING: [Synth 8-3331] design InstructionMemory has unconnected port Address[27]
WARNING: [Synth 8-3331] design InstructionMemory has unconnected port Address[26]
WARNING: [Synth 8-3331] design InstructionMemory has unconnected port Address[25]
WARNING: [Synth 8-3331] design InstructionMemory has unconnected port Address[24]
WARNING: [Synth 8-3331] design InstructionMemory has unconnected port Address[23]
WARNING: [Synth 8-3331] design InstructionMemory has unconnected port Address[22]
WARNING: [Synth 8-3331] design InstructionMemory has unconnected port Address[21]
WARNING: [Synth 8-3331] design InstructionMemory has unconnected port Address[20]
WARNING: [Synth 8-3331] design InstructionMemory has unconnected port Address[19]
WARNING: [Synth 8-3331] design InstructionMemory has unconnected port Address[18]
WARNING: [Synth 8-3331] design InstructionMemory has unconnected port Address[17]
WARNING: [Synth 8-3331] design InstructionMemory has unconnected port Address[16]
WARNING: [Synth 8-3331] design InstructionMemory has unconnected port Address[15]
WARNING: [Synth 8-3331] design InstructionMemory has unconnected port Address[14]
WARNING: [Synth 8-3331] design InstructionMemory has unconnected port Address[13]
WARNING: [Synth 8-3331] design InstructionMemory has unconnected port Address[12]
WARNING: [Synth 8-3331] design InstructionMemory has unconnected port Address[11]
WARNING: [Synth 8-3331] design InstructionMemory has unconnected port Address[10]
WARNING: [Synth 8-3331] design InstructionMemory has unconnected port Address[9]
WARNING: [Synth 8-3331] design InstructionMemory has unconnected port Address[1]
WARNING: [Synth 8-3331] design InstructionMemory has unconnected port Address[0]
---------------------------------------------------------------------------------
Finished RTL Elaboration : Time (s): cpu = 00:00:07 ; elapsed = 00:00:07 . Memory (MB): peak = 859.777 ; gain = 308.430
---------------------------------------------------------------------------------

Report Check Netlist: 
+------+------------------+-------+---------+-------+------------------+
|      |Item              |Errors |Warnings |Status |Description       |
+------+------------------+-------+---------+-------+------------------+
|1     |multi_driven_nets |      0|        0|Passed |Multi driven nets |
+------+------------------+-------+---------+-------+------------------+
---------------------------------------------------------------------------------
Start Handling Custom Attributes
---------------------------------------------------------------------------------
---------------------------------------------------------------------------------
Finished Handling Custom Attributes : Time (s): cpu = 00:00:08 ; elapsed = 00:00:08 . Memory (MB): peak = 859.777 ; gain = 308.430
---------------------------------------------------------------------------------
---------------------------------------------------------------------------------
Finished RTL Optimization Phase 1 : Time (s): cpu = 00:00:08 ; elapsed = 00:00:08 . Memory (MB): peak = 859.777 ; gain = 308.430
---------------------------------------------------------------------------------
Netlist sorting complete. Time (s): cpu = 00:00:00 ; elapsed = 00:00:00.005 . Memory (MB): peak = 859.777 ; gain = 0.000
INFO: [Project 1-570] Preparing netlist for logic optimization

Processing XDC Constraints
Initializing timing engine
Parsing XDC File [C:/Users/nbut9/Downloads/Resources/Resources/5-Two4DigitDisplay/Two4DigitDisplay.xdc]
Finished Parsing XDC File [C:/Users/nbut9/Downloads/Resources/Resources/5-Two4DigitDisplay/Two4DigitDisplay.xdc]
INFO: [Project 1-236] Implementation specific constraints were found while reading constraint file [C:/Users/nbut9/Downloads/Resources/Resources/5-Two4DigitDisplay/Two4DigitDisplay.xdc]. These constraints will be ignored for synthesis but will be used in implementation. Impacted constraints are listed in the file [.Xil/lab1source_propImpl.xdc].
Resolution: To avoid this warning, move constraints listed in [.Xil/lab1source_propImpl.xdc] to another XDC file and exclude this new file from synthesis with the used_in_synthesis property (File Properties dialog in GUI) and re-run elaboration/synthesis.
Completed Processing XDC Constraints

Netlist sorting complete. Time (s): cpu = 00:00:00 ; elapsed = 00:00:00.001 . Memory (MB): peak = 945.602 ; gain = 0.000
INFO: [Project 1-111] Unisim Transformation Summary:
No Unisim elements were transformed.

Constraint Validation Runtime : Time (s): cpu = 00:00:00 ; elapsed = 00:00:00.003 . Memory (MB): peak = 945.602 ; gain = 0.000
---------------------------------------------------------------------------------
Finished Constraint Validation : Time (s): cpu = 00:00:16 ; elapsed = 00:00:17 . Memory (MB): peak = 945.602 ; gain = 394.254
---------------------------------------------------------------------------------
---------------------------------------------------------------------------------
Start Loading Part and Timing Information
---------------------------------------------------------------------------------
Loading part: xc7a100tcsg324-1
---------------------------------------------------------------------------------
Finished Loading Part and Timing Information : Time (s): cpu = 00:00:16 ; elapsed = 00:00:17 . Memory (MB): peak = 945.602 ; gain = 394.254
---------------------------------------------------------------------------------
---------------------------------------------------------------------------------
Start Applying 'set_property' XDC Constraints
---------------------------------------------------------------------------------
---------------------------------------------------------------------------------
Finished applying 'set_property' XDC Constraints : Time (s): cpu = 00:00:16 ; elapsed = 00:00:17 . Memory (MB): peak = 945.602 ; gain = 394.254
---------------------------------------------------------------------------------
INFO: [Synth 8-5546] ROM "memory" won't be mapped to RAM because it is too sparse
---------------------------------------------------------------------------------
Finished RTL Optimization Phase 2 : Time (s): cpu = 00:00:16 ; elapsed = 00:00:17 . Memory (MB): peak = 945.602 ; gain = 394.254
---------------------------------------------------------------------------------

Report RTL Partitions: 
+-+--------------+------------+----------+
| |RTL Partition |Replication |Instances |
+-+--------------+------------+----------+
+-+--------------+------------+----------+
---------------------------------------------------------------------------------
Start RTL Component Statistics 
---------------------------------------------------------------------------------
Detailed RTL Component Info : 
+---Adders : 
	   2 Input     32 Bit       Adders := 1     
	   2 Input     26 Bit       Adders := 1     
+---Registers : 
	               32 Bit    Registers := 1     
	               26 Bit    Registers := 1     
	                1 Bit    Registers := 1     
+---Muxes : 
	 129 Input     32 Bit        Muxes := 1     
	   2 Input     26 Bit        Muxes := 1     
	   8 Input      8 Bit        Muxes := 1     
---------------------------------------------------------------------------------
Finished RTL Component Statistics 
---------------------------------------------------------------------------------
---------------------------------------------------------------------------------
Start RTL Hierarchical Component Statistics 
---------------------------------------------------------------------------------
Hierarchical RTL Component report 
Module ClkDiv 
Detailed RTL Component Info : 
+---Adders : 
	   2 Input     26 Bit       Adders := 1     
+---Registers : 
	               26 Bit    Registers := 1     
	                1 Bit    Registers := 1     
+---Muxes : 
	   2 Input     26 Bit        Muxes := 1     
Module ProgramCounter 
Detailed RTL Component Info : 
+---Registers : 
	               32 Bit    Registers := 1     
Module PCAdder 
Detailed RTL Component Info : 
+---Adders : 
	   2 Input     32 Bit       Adders := 1     
Module InstructionMemory 
Detailed RTL Component Info : 
+---Muxes : 
	 129 Input     32 Bit        Muxes := 1     
Module Two4DigitDisplay 
Detailed RTL Component Info : 
+---Muxes : 
	   8 Input      8 Bit        Muxes := 1     
---------------------------------------------------------------------------------
Finished RTL Hierarchical Component Statistics
---------------------------------------------------------------------------------
---------------------------------------------------------------------------------
Start Part Resource Summary
---------------------------------------------------------------------------------
Part Resources:
DSPs: 240 (col length:80)
BRAMs: 270 (col length: RAMB18 80 RAMB36 40)
---------------------------------------------------------------------------------
Finished Part Resource Summary
---------------------------------------------------------------------------------
---------------------------------------------------------------------------------
Start Cross Boundary and Area Optimization
---------------------------------------------------------------------------------
Warning: Parallel synthesis criteria is not met 
WARNING: [Synth 8-3331] design InstructionMemory has unconnected port Address[31]
WARNING: [Synth 8-3331] design InstructionMemory has unconnected port Address[30]
WARNING: [Synth 8-3331] design InstructionMemory has unconnected port Address[29]
WARNING: [Synth 8-3331] design InstructionMemory has unconnected port Address[28]
WARNING: [Synth 8-3331] design InstructionMemory has unconnected port Address[27]
WARNING: [Synth 8-3331] design InstructionMemory has unconnected port Address[26]
WARNING: [Synth 8-3331] design InstructionMemory has unconnected port Address[25]
WARNING: [Synth 8-3331] design InstructionMemory has unconnected port Address[24]
WARNING: [Synth 8-3331] design InstructionMemory has unconnected port Address[23]
WARNING: [Synth 8-3331] design InstructionMemory has unconnected port Address[22]
WARNING: [Synth 8-3331] design InstructionMemory has unconnected port Address[21]
WARNING: [Synth 8-3331] design InstructionMemory has unconnected port Address[20]
WARNING: [Synth 8-3331] design InstructionMemory has unconnected port Address[19]
WARNING: [Synth 8-3331] design InstructionMemory has unconnected port Address[18]
WARNING: [Synth 8-3331] design InstructionMemory has unconnected port Address[17]
WARNING: [Synth 8-3331] design InstructionMemory has unconnected port Address[16]
WARNING: [Synth 8-3331] design InstructionMemory has unconnected port Address[15]
WARNING: [Synth 8-3331] design InstructionMemory has unconnected port Address[14]
WARNING: [Synth 8-3331] design InstructionMemory has unconnected port Address[13]
WARNING: [Synth 8-3331] design InstructionMemory has unconnected port Address[12]
WARNING: [Synth 8-3331] design InstructionMemory has unconnected port Address[11]
WARNING: [Synth 8-3331] design InstructionMemory has unconnected port Address[10]
WARNING: [Synth 8-3331] design InstructionMemory has unconnected port Address[9]
WARNING: [Synth 8-3331] design InstructionMemory has unconnected port Address[1]
WARNING: [Synth 8-3331] design InstructionMemory has unconnected port Address[0]
INFO: [Synth 8-3333] propagating constant 0 across sequential element (i_0/\IFU/Counter/PCResult_reg[0] )
INFO: [Synth 8-3333] propagating constant 0 across sequential element (i_0/\IFU/Counter/PCResult_reg[1] )
---------------------------------------------------------------------------------
Finished Cross Boundary and Area Optimization : Time (s): cpu = 00:00:19 ; elapsed = 00:00:20 . Memory (MB): peak = 945.602 ; gain = 394.254
---------------------------------------------------------------------------------

Report RTL Partitions: 
+-+--------------+------------+----------+
| |RTL Partition |Replication |Instances |
+-+--------------+------------+----------+
+-+--------------+------------+----------+
---------------------------------------------------------------------------------
Start Applying XDC Timing Constraints
---------------------------------------------------------------------------------
---------------------------------------------------------------------------------
Finished Applying XDC Timing Constraints : Time (s): cpu = 00:00:28 ; elapsed = 00:00:29 . Memory (MB): peak = 945.602 ; gain = 394.254
---------------------------------------------------------------------------------
---------------------------------------------------------------------------------
Start Timing Optimization
---------------------------------------------------------------------------------
---------------------------------------------------------------------------------
Finished Timing Optimization : Time (s): cpu = 00:00:28 ; elapsed = 00:00:30 . Memory (MB): peak = 958.285 ; gain = 406.938
---------------------------------------------------------------------------------

Report RTL Partitions: 
+-+--------------+------------+----------+
| |RTL Partition |Replication |Instances |
+-+--------------+------------+----------+
+-+--------------+------------+----------+
---------------------------------------------------------------------------------
Start Technology Mapping
---------------------------------------------------------------------------------
---------------------------------------------------------------------------------
Finished Technology Mapping : Time (s): cpu = 00:00:28 ; elapsed = 00:00:30 . Memory (MB): peak = 958.285 ; gain = 406.938
---------------------------------------------------------------------------------

Report RTL Partitions: 
+-+--------------+------------+----------+
| |RTL Partition |Replication |Instances |
+-+--------------+------------+----------+
+-+--------------+------------+----------+
---------------------------------------------------------------------------------
Start IO Insertion
---------------------------------------------------------------------------------
---------------------------------------------------------------------------------
Start Flattening Before IO Insertion
---------------------------------------------------------------------------------
---------------------------------------------------------------------------------
Finished Flattening Before IO Insertion
---------------------------------------------------------------------------------
---------------------------------------------------------------------------------
Start Final Netlist Cleanup
---------------------------------------------------------------------------------
---------------------------------------------------------------------------------
Finished Final Netlist Cleanup
---------------------------------------------------------------------------------
---------------------------------------------------------------------------------
Finished IO Insertion : Time (s): cpu = 00:00:34 ; elapsed = 00:00:35 . Memory (MB): peak = 965.848 ; gain = 414.500
---------------------------------------------------------------------------------
---------------------------------------------------------------------------------
Start Renaming Generated Instances
---------------------------------------------------------------------------------
---------------------------------------------------------------------------------
Finished Renaming Generated Instances : Time (s): cpu = 00:00:34 ; elapsed = 00:00:35 . Memory (MB): peak = 965.848 ; gain = 414.500
---------------------------------------------------------------------------------

Report RTL Partitions: 
+-+--------------+------------+----------+
| |RTL Partition |Replication |Instances |
+-+--------------+------------+----------+
+-+--------------+------------+----------+

Report Check Netlist: 
+------+------------------+-------+---------+-------+------------------+
|      |Item              |Errors |Warnings |Status |Description       |
+------+------------------+-------+---------+-------+------------------+
|1     |multi_driven_nets |      0|        0|Passed |Multi driven nets |
+------+------------------+-------+---------+-------+------------------+
---------------------------------------------------------------------------------
Start Rebuilding User Hierarchy
---------------------------------------------------------------------------------
---------------------------------------------------------------------------------
Finished Rebuilding User Hierarchy : Time (s): cpu = 00:00:34 ; elapsed = 00:00:35 . Memory (MB): peak = 965.848 ; gain = 414.500
---------------------------------------------------------------------------------
---------------------------------------------------------------------------------
Start Renaming Generated Ports
---------------------------------------------------------------------------------
---------------------------------------------------------------------------------
Finished Renaming Generated Ports : Time (s): cpu = 00:00:34 ; elapsed = 00:00:35 . Memory (MB): peak = 965.848 ; gain = 414.500
---------------------------------------------------------------------------------
---------------------------------------------------------------------------------
Start Handling Custom Attributes
---------------------------------------------------------------------------------
---------------------------------------------------------------------------------
Finished Handling Custom Attributes : Time (s): cpu = 00:00:34 ; elapsed = 00:00:35 . Memory (MB): peak = 965.848 ; gain = 414.500
---------------------------------------------------------------------------------
---------------------------------------------------------------------------------
Start Renaming Generated Nets
---------------------------------------------------------------------------------
---------------------------------------------------------------------------------
Finished Renaming Generated Nets : Time (s): cpu = 00:00:34 ; elapsed = 00:00:35 . Memory (MB): peak = 965.848 ; gain = 414.500
---------------------------------------------------------------------------------
---------------------------------------------------------------------------------
Start Writing Synthesis Report
---------------------------------------------------------------------------------

Report BlackBoxes: 
+-+--------------+----------+
| |BlackBox name |Instances |
+-+--------------+----------+
+-+--------------+----------+

Report Cell Usage: 
+------+-------+------+
|      |Cell   |Count |
+------+-------+------+
|1     |BUFG   |     1|
|2     |CARRY4 |    16|
|3     |LUT1   |     2|
|4     |LUT2   |     1|
|5     |LUT3   |    35|
|6     |LUT4   |    13|
|7     |LUT5   |     5|
|8     |LUT6   |    12|
|9     |MUXF7  |     3|
|10    |FDCE   |    14|
|11    |FDRE   |    47|
|12    |IBUF   |     2|
|13    |OBUF   |    15|
+------+-------+------+

Report Instance Areas: 
+------+------------+---------------------+------+
|      |Instance    |Module               |Cells |
+------+------------+---------------------+------+
|1     |top         |                     |   166|
|2     |  Display   |Two4DigitDisplay     |    34|
|3     |  CD        |ClkDiv               |    68|
|4     |  IFU       |InstructionFetchUnit |    46|
|5     |    Counter |ProgramCounter       |    38|
|6     |    Memory  |InstructionMemory    |     8|
+------+------------+---------------------+------+
---------------------------------------------------------------------------------
Finished Writing Synthesis Report : Time (s): cpu = 00:00:34 ; elapsed = 00:00:35 . Memory (MB): peak = 965.848 ; gain = 414.500
---------------------------------------------------------------------------------
Synthesis finished with 0 errors, 0 critical warnings and 25 warnings.
Synthesis Optimization Runtime : Time (s): cpu = 00:00:24 ; elapsed = 00:00:32 . Memory (MB): peak = 965.848 ; gain = 328.676
Synthesis Optimization Complete : Time (s): cpu = 00:00:34 ; elapsed = 00:00:35 . Memory (MB): peak = 965.848 ; gain = 414.500
INFO: [Project 1-571] Translating synthesized netlist
Netlist sorting complete. Time (s): cpu = 00:00:00 ; elapsed = 00:00:00.003 . Memory (MB): peak = 977.895 ; gain = 0.000
INFO: [Netlist 29-17] Analyzing 19 Unisim elements for replacement
INFO: [Netlist 29-28] Unisim Transformation completed in 0 CPU seconds
INFO: [Project 1-570] Preparing netlist for logic optimization
INFO: [Opt 31-138] Pushed 0 inverter(s) to 0 load pin(s).
Netlist sorting complete. Time (s): cpu = 00:00:00 ; elapsed = 00:00:00 . Memory (MB): peak = 977.895 ; gain = 0.000
INFO: [Project 1-111] Unisim Transformation Summary:
No Unisim elements were transformed.

INFO: [Common 17-83] Releasing license: Synthesis
34 Infos, 60 Warnings, 0 Critical Warnings and 0 Errors encountered.
synth_design completed successfully
synth_design: Time (s): cpu = 00:00:40 ; elapsed = 00:00:42 . Memory (MB): peak = 977.895 ; gain = 680.281
Netlist sorting complete. Time (s): cpu = 00:00:00 ; elapsed = 00:00:00 . Memory (MB): peak = 977.895 ; gain = 0.000
WARNING: [Constraints 18-5210] No constraints selected for write.
Resolution: This message can indicate that there are no constraints for the design, or it can indicate that the used_in flags are set such that the constraints are ignored. This later case is used when running synth_design to not write synthesis constraints to the resulting checkpoint. Instead, project constraints are read when the synthesized design is opened.
INFO: [Common 17-1381] The checkpoint 'C:/Users/nbut9/VivadoFiles/Lab1_BertButEt/Lab1_BertButEt.runs/synth_1/lab1source.dcp' has been generated.
INFO: [runtcl-4] Executing : report_utilization -file lab1source_utilization_synth.rpt -pb lab1source_utilization_synth.pb
INFO: [Common 17-206] Exiting Vivado at Wed Sep  8 11:22:33 2021...
